<?xml version="1.0" encoding="UTF-8"?>
<!-- Generated by org.testng.reporters.JUnitReportReporter -->
<testsuite hostname="LIN-5CG136BFW8" failures="0" tests="6" name="Runner.newTestngRunner" time="0.221" errors="0" timestamp="2024-04-02T12:09:38 IST" skipped="0">
  <testcase classname="Runner.newTestngRunner" name="runScenario" time="0.006"/>
  <testcase classname="Runner.newTestngRunner" name="runScenario" time="0.188"/>
  <testcase classname="Runner.newTestngRunner" name="runScenario" time="0.007"/>
  <testcase classname="Runner.newTestngRunner" name="runScenario" time="0.004"/>
  <testcase classname="Runner.newTestngRunner" name="runScenario" time="0.007"/>
  <testcase classname="Runner.newTestngRunner" name="runScenario" time="0.009"/>
</testsuite> <!-- Runner.newTestngRunner -->
