<?xml version="1.0" encoding="UTF-8"?>
<!-- Generated by org.testng.reporters.JUnitReportReporter -->
<testsuite hostname="LIN-5CG136BFW8" failures="0" tests="3" name="StepDefinitions.ExcelExec" time="10.353" errors="0" timestamp="2024-04-01T17:21:26 IST" skipped="0">
  <testcase classname="StepDefinitions.ExcelExec" name="TestExcel" time="3.218"/>
  <system-out/>
  <testcase classname="StepDefinitions.ExcelExec" name="TestExcel" time="2.884"/>
  <system-out/>
  <testcase classname="StepDefinitions.ExcelExec" name="TestExcel" time="4.251"/>
  <system-out/>
</testsuite> <!-- StepDefinitions.ExcelExec -->
